Created by PLY version 3.11 (http://www.dabeaz.com/ply)

Grammar

Rule 0     S' -> expression
Rule 1     expression -> LPAREN expression RPAREN
Rule 2     expression -> expression CUBE expression
Rule 3     expression -> CUBE expression
Rule 4     expression -> expression TIMES expression
Rule 5     expression -> expression DIVIDE expression
Rule 6     expression -> expression PLUS expression
Rule 7     expression -> expression MINUS expression
Rule 8     expression -> NUMBER

Terminals, with rules where they appear

CUBE                 : 2 3
DIVIDE               : 5
LPAREN               : 1
MINUS                : 7
NUMBER               : 8
PLUS                 : 6
RPAREN               : 1
TIMES                : 4
error                : 

Nonterminals, with rules where they appear

expression           : 1 2 2 3 4 4 5 5 6 6 7 7 0

Parsing method: LALR

state 0

    (0) S' -> . expression
    (1) expression -> . LPAREN expression RPAREN
    (2) expression -> . expression CUBE expression
    (3) expression -> . CUBE expression
    (4) expression -> . expression TIMES expression
    (5) expression -> . expression DIVIDE expression
    (6) expression -> . expression PLUS expression
    (7) expression -> . expression MINUS expression
    (8) expression -> . NUMBER

    LPAREN          shift and go to state 2
    CUBE            shift and go to state 3
    NUMBER          shift and go to state 4

    expression                     shift and go to state 1

state 1

    (0) S' -> expression .
    (2) expression -> expression . CUBE expression
    (4) expression -> expression . TIMES expression
    (5) expression -> expression . DIVIDE expression
    (6) expression -> expression . PLUS expression
    (7) expression -> expression . MINUS expression

    CUBE            shift and go to state 5
    TIMES           shift and go to state 6
    DIVIDE          shift and go to state 7
    PLUS            shift and go to state 8
    MINUS           shift and go to state 9


state 2

    (1) expression -> LPAREN . expression RPAREN
    (1) expression -> . LPAREN expression RPAREN
    (2) expression -> . expression CUBE expression
    (3) expression -> . CUBE expression
    (4) expression -> . expression TIMES expression
    (5) expression -> . expression DIVIDE expression
    (6) expression -> . expression PLUS expression
    (7) expression -> . expression MINUS expression
    (8) expression -> . NUMBER

    LPAREN          shift and go to state 2
    CUBE            shift and go to state 3
    NUMBER          shift and go to state 4

    expression                     shift and go to state 10

state 3

    (3) expression -> CUBE . expression
    (1) expression -> . LPAREN expression RPAREN
    (2) expression -> . expression CUBE expression
    (3) expression -> . CUBE expression
    (4) expression -> . expression TIMES expression
    (5) expression -> . expression DIVIDE expression
    (6) expression -> . expression PLUS expression
    (7) expression -> . expression MINUS expression
    (8) expression -> . NUMBER

    LPAREN          shift and go to state 2
    CUBE            shift and go to state 3
    NUMBER          shift and go to state 4

    expression                     shift and go to state 11

state 4

    (8) expression -> NUMBER .

    CUBE            reduce using rule 8 (expression -> NUMBER .)
    TIMES           reduce using rule 8 (expression -> NUMBER .)
    DIVIDE          reduce using rule 8 (expression -> NUMBER .)
    PLUS            reduce using rule 8 (expression -> NUMBER .)
    MINUS           reduce using rule 8 (expression -> NUMBER .)
    $end            reduce using rule 8 (expression -> NUMBER .)
    RPAREN          reduce using rule 8 (expression -> NUMBER .)


state 5

    (2) expression -> expression CUBE . expression
    (1) expression -> . LPAREN expression RPAREN
    (2) expression -> . expression CUBE expression
    (3) expression -> . CUBE expression
    (4) expression -> . expression TIMES expression
    (5) expression -> . expression DIVIDE expression
    (6) expression -> . expression PLUS expression
    (7) expression -> . expression MINUS expression
    (8) expression -> . NUMBER

    LPAREN          shift and go to state 2
    CUBE            shift and go to state 3
    NUMBER          shift and go to state 4

    expression                     shift and go to state 12

state 6

    (4) expression -> expression TIMES . expression
    (1) expression -> . LPAREN expression RPAREN
    (2) expression -> . expression CUBE expression
    (3) expression -> . CUBE expression
    (4) expression -> . expression TIMES expression
    (5) expression -> . expression DIVIDE expression
    (6) expression -> . expression PLUS expression
    (7) expression -> . expression MINUS expression
    (8) expression -> . NUMBER

    LPAREN          shift and go to state 2
    CUBE            shift and go to state 3
    NUMBER          shift and go to state 4

    expression                     shift and go to state 13

state 7

    (5) expression -> expression DIVIDE . expression
    (1) expression -> . LPAREN expression RPAREN
    (2) expression -> . expression CUBE expression
    (3) expression -> . CUBE expression
    (4) expression -> . expression TIMES expression
    (5) expression -> . expression DIVIDE expression
    (6) expression -> . expression PLUS expression
    (7) expression -> . expression MINUS expression
    (8) expression -> . NUMBER

    LPAREN          shift and go to state 2
    CUBE            shift and go to state 3
    NUMBER          shift and go to state 4

    expression                     shift and go to state 14

state 8

    (6) expression -> expression PLUS . expression
    (1) expression -> . LPAREN expression RPAREN
    (2) expression -> . expression CUBE expression
    (3) expression -> . CUBE expression
    (4) expression -> . expression TIMES expression
    (5) expression -> . expression DIVIDE expression
    (6) expression -> . expression PLUS expression
    (7) expression -> . expression MINUS expression
    (8) expression -> . NUMBER

    LPAREN          shift and go to state 2
    CUBE            shift and go to state 3
    NUMBER          shift and go to state 4

    expression                     shift and go to state 15

state 9

    (7) expression -> expression MINUS . expression
    (1) expression -> . LPAREN expression RPAREN
    (2) expression -> . expression CUBE expression
    (3) expression -> . CUBE expression
    (4) expression -> . expression TIMES expression
    (5) expression -> . expression DIVIDE expression
    (6) expression -> . expression PLUS expression
    (7) expression -> . expression MINUS expression
    (8) expression -> . NUMBER

    LPAREN          shift and go to state 2
    CUBE            shift and go to state 3
    NUMBER          shift and go to state 4

    expression                     shift and go to state 16

state 10

    (1) expression -> LPAREN expression . RPAREN
    (2) expression -> expression . CUBE expression
    (4) expression -> expression . TIMES expression
    (5) expression -> expression . DIVIDE expression
    (6) expression -> expression . PLUS expression
    (7) expression -> expression . MINUS expression

    RPAREN          shift and go to state 17
    CUBE            shift and go to state 5
    TIMES           shift and go to state 6
    DIVIDE          shift and go to state 7
    PLUS            shift and go to state 8
    MINUS           shift and go to state 9


state 11

    (3) expression -> CUBE expression .
    (2) expression -> expression . CUBE expression
    (4) expression -> expression . TIMES expression
    (5) expression -> expression . DIVIDE expression
    (6) expression -> expression . PLUS expression
    (7) expression -> expression . MINUS expression

    CUBE            reduce using rule 3 (expression -> CUBE expression .)
    TIMES           reduce using rule 3 (expression -> CUBE expression .)
    DIVIDE          reduce using rule 3 (expression -> CUBE expression .)
    PLUS            reduce using rule 3 (expression -> CUBE expression .)
    MINUS           reduce using rule 3 (expression -> CUBE expression .)
    $end            reduce using rule 3 (expression -> CUBE expression .)
    RPAREN          reduce using rule 3 (expression -> CUBE expression .)

  ! CUBE            [ shift and go to state 5 ]
  ! TIMES           [ shift and go to state 6 ]
  ! DIVIDE          [ shift and go to state 7 ]
  ! PLUS            [ shift and go to state 8 ]
  ! MINUS           [ shift and go to state 9 ]


state 12

    (2) expression -> expression CUBE expression .
    (2) expression -> expression . CUBE expression
    (4) expression -> expression . TIMES expression
    (5) expression -> expression . DIVIDE expression
    (6) expression -> expression . PLUS expression
    (7) expression -> expression . MINUS expression

    CUBE            reduce using rule 2 (expression -> expression CUBE expression .)
    TIMES           reduce using rule 2 (expression -> expression CUBE expression .)
    DIVIDE          reduce using rule 2 (expression -> expression CUBE expression .)
    PLUS            reduce using rule 2 (expression -> expression CUBE expression .)
    MINUS           reduce using rule 2 (expression -> expression CUBE expression .)
    $end            reduce using rule 2 (expression -> expression CUBE expression .)
    RPAREN          reduce using rule 2 (expression -> expression CUBE expression .)

  ! CUBE            [ shift and go to state 5 ]
  ! TIMES           [ shift and go to state 6 ]
  ! DIVIDE          [ shift and go to state 7 ]
  ! PLUS            [ shift and go to state 8 ]
  ! MINUS           [ shift and go to state 9 ]


state 13

    (4) expression -> expression TIMES expression .
    (2) expression -> expression . CUBE expression
    (4) expression -> expression . TIMES expression
    (5) expression -> expression . DIVIDE expression
    (6) expression -> expression . PLUS expression
    (7) expression -> expression . MINUS expression

    TIMES           reduce using rule 4 (expression -> expression TIMES expression .)
    DIVIDE          reduce using rule 4 (expression -> expression TIMES expression .)
    PLUS            reduce using rule 4 (expression -> expression TIMES expression .)
    MINUS           reduce using rule 4 (expression -> expression TIMES expression .)
    $end            reduce using rule 4 (expression -> expression TIMES expression .)
    RPAREN          reduce using rule 4 (expression -> expression TIMES expression .)
    CUBE            shift and go to state 5

  ! CUBE            [ reduce using rule 4 (expression -> expression TIMES expression .) ]
  ! TIMES           [ shift and go to state 6 ]
  ! DIVIDE          [ shift and go to state 7 ]
  ! PLUS            [ shift and go to state 8 ]
  ! MINUS           [ shift and go to state 9 ]


state 14

    (5) expression -> expression DIVIDE expression .
    (2) expression -> expression . CUBE expression
    (4) expression -> expression . TIMES expression
    (5) expression -> expression . DIVIDE expression
    (6) expression -> expression . PLUS expression
    (7) expression -> expression . MINUS expression

    TIMES           reduce using rule 5 (expression -> expression DIVIDE expression .)
    DIVIDE          reduce using rule 5 (expression -> expression DIVIDE expression .)
    PLUS            reduce using rule 5 (expression -> expression DIVIDE expression .)
    MINUS           reduce using rule 5 (expression -> expression DIVIDE expression .)
    $end            reduce using rule 5 (expression -> expression DIVIDE expression .)
    RPAREN          reduce using rule 5 (expression -> expression DIVIDE expression .)
    CUBE            shift and go to state 5

  ! CUBE            [ reduce using rule 5 (expression -> expression DIVIDE expression .) ]
  ! TIMES           [ shift and go to state 6 ]
  ! DIVIDE          [ shift and go to state 7 ]
  ! PLUS            [ shift and go to state 8 ]
  ! MINUS           [ shift and go to state 9 ]


state 15

    (6) expression -> expression PLUS expression .
    (2) expression -> expression . CUBE expression
    (4) expression -> expression . TIMES expression
    (5) expression -> expression . DIVIDE expression
    (6) expression -> expression . PLUS expression
    (7) expression -> expression . MINUS expression

    PLUS            reduce using rule 6 (expression -> expression PLUS expression .)
    MINUS           reduce using rule 6 (expression -> expression PLUS expression .)
    $end            reduce using rule 6 (expression -> expression PLUS expression .)
    RPAREN          reduce using rule 6 (expression -> expression PLUS expression .)
    CUBE            shift and go to state 5
    TIMES           shift and go to state 6
    DIVIDE          shift and go to state 7

  ! CUBE            [ reduce using rule 6 (expression -> expression PLUS expression .) ]
  ! TIMES           [ reduce using rule 6 (expression -> expression PLUS expression .) ]
  ! DIVIDE          [ reduce using rule 6 (expression -> expression PLUS expression .) ]
  ! PLUS            [ shift and go to state 8 ]
  ! MINUS           [ shift and go to state 9 ]


state 16

    (7) expression -> expression MINUS expression .
    (2) expression -> expression . CUBE expression
    (4) expression -> expression . TIMES expression
    (5) expression -> expression . DIVIDE expression
    (6) expression -> expression . PLUS expression
    (7) expression -> expression . MINUS expression

    PLUS            reduce using rule 7 (expression -> expression MINUS expression .)
    MINUS           reduce using rule 7 (expression -> expression MINUS expression .)
    $end            reduce using rule 7 (expression -> expression MINUS expression .)
    RPAREN          reduce using rule 7 (expression -> expression MINUS expression .)
    CUBE            shift and go to state 5
    TIMES           shift and go to state 6
    DIVIDE          shift and go to state 7

  ! CUBE            [ reduce using rule 7 (expression -> expression MINUS expression .) ]
  ! TIMES           [ reduce using rule 7 (expression -> expression MINUS expression .) ]
  ! DIVIDE          [ reduce using rule 7 (expression -> expression MINUS expression .) ]
  ! PLUS            [ shift and go to state 8 ]
  ! MINUS           [ shift and go to state 9 ]


state 17

    (1) expression -> LPAREN expression RPAREN .

    CUBE            reduce using rule 1 (expression -> LPAREN expression RPAREN .)
    TIMES           reduce using rule 1 (expression -> LPAREN expression RPAREN .)
    DIVIDE          reduce using rule 1 (expression -> LPAREN expression RPAREN .)
    PLUS            reduce using rule 1 (expression -> LPAREN expression RPAREN .)
    MINUS           reduce using rule 1 (expression -> LPAREN expression RPAREN .)
    $end            reduce using rule 1 (expression -> LPAREN expression RPAREN .)
    RPAREN          reduce using rule 1 (expression -> LPAREN expression RPAREN .)

